[2016-01-18 12:06:11,583] DEBUG preRegister called. Server=com.sun.jmx.mbeanserver.JmxMBeanServer@3383e109, name=log4j:logger=state.change.logger (state.change.logger)
[2016-01-18 12:06:17,829] TRACE Controller 0 epoch 5 started leader election for partition [twitterstream,0] (state.change.logger)
[2016-01-18 12:06:17,861] ERROR Controller 0 epoch 5 initiated state change for partition [twitterstream,0] from OfflinePartition to OnlinePartition failed (state.change.logger)
kafka.common.NoReplicaOnlineException: No replica for partition [twitterstream,0] is alive. Live brokers are: [Set()], Assigned replicas are: [List(0)]
	at kafka.controller.OfflinePartitionLeaderSelector.selectLeader(PartitionLeaderSelector.scala:75)
	at kafka.controller.PartitionStateMachine.electLeaderForPartition(PartitionStateMachine.scala:345)
	at kafka.controller.PartitionStateMachine.kafka$controller$PartitionStateMachine$$handleStateChange(PartitionStateMachine.scala:205)
	at kafka.controller.PartitionStateMachine$$anonfun$triggerOnlinePartitionStateChange$3.apply(PartitionStateMachine.scala:120)
	at kafka.controller.PartitionStateMachine$$anonfun$triggerOnlinePartitionStateChange$3.apply(PartitionStateMachine.scala:117)
	at scala.collection.TraversableLike$WithFilter$$anonfun$foreach$1.apply(TraversableLike.scala:772)
	at scala.collection.mutable.HashMap$$anonfun$foreach$1.apply(HashMap.scala:98)
	at scala.collection.mutable.HashMap$$anonfun$foreach$1.apply(HashMap.scala:98)
	at scala.collection.mutable.HashTable$class.foreachEntry(HashTable.scala:226)
	at scala.collection.mutable.HashMap.foreachEntry(HashMap.scala:39)
	at scala.collection.mutable.HashMap.foreach(HashMap.scala:98)
	at scala.collection.TraversableLike$WithFilter.foreach(TraversableLike.scala:771)
	at kafka.controller.PartitionStateMachine.triggerOnlinePartitionStateChange(PartitionStateMachine.scala:117)
	at kafka.controller.PartitionStateMachine.startup(PartitionStateMachine.scala:70)
	at kafka.controller.KafkaController.onControllerFailover(KafkaController.scala:332)
	at kafka.controller.KafkaController$$anonfun$1.apply$mcV$sp(KafkaController.scala:163)
	at kafka.server.ZookeeperLeaderElector.elect(ZookeeperLeaderElector.scala:84)
	at kafka.server.ZookeeperLeaderElector$$anonfun$startup$1.apply$mcZ$sp(ZookeeperLeaderElector.scala:50)
	at kafka.server.ZookeeperLeaderElector$$anonfun$startup$1.apply(ZookeeperLeaderElector.scala:48)
	at kafka.server.ZookeeperLeaderElector$$anonfun$startup$1.apply(ZookeeperLeaderElector.scala:48)
	at kafka.utils.CoreUtils$.inLock(CoreUtils.scala:262)
	at kafka.server.ZookeeperLeaderElector.startup(ZookeeperLeaderElector.scala:48)
	at kafka.controller.KafkaController$$anonfun$startup$1.apply$mcV$sp(KafkaController.scala:681)
	at kafka.controller.KafkaController$$anonfun$startup$1.apply(KafkaController.scala:677)
	at kafka.controller.KafkaController$$anonfun$startup$1.apply(KafkaController.scala:677)
	at kafka.utils.CoreUtils$.inLock(CoreUtils.scala:262)
	at kafka.controller.KafkaController.startup(KafkaController.scala:677)
	at kafka.server.KafkaServer.startup(KafkaServer.scala:188)
	at kafka.server.KafkaServerStartable.startup(KafkaServerStartable.scala:37)
	at kafka.Kafka$.main(Kafka.scala:67)
	at kafka.Kafka.main(Kafka.scala)
[2016-01-18 12:06:18,049] TRACE Controller 0 epoch 5 sending UpdateMetadata request (Leader:0,ISR:0,LeaderEpoch:3,ControllerEpoch:4) to broker 0 for partition twitterstream-0 (state.change.logger)
[2016-01-18 12:06:18,070] TRACE Controller 0 epoch 5 changed state of replica 0 for partition [twitterstream,0] from ReplicaDeletionIneligible to OnlineReplica (state.change.logger)
[2016-01-18 12:06:18,071] TRACE Controller 0 epoch 5 sending become-leader LeaderAndIsr request (Leader:0,ISR:0,LeaderEpoch:3,ControllerEpoch:4) to broker 0 for partition [twitterstream,0] (state.change.logger)
[2016-01-18 12:06:18,075] TRACE Controller 0 epoch 5 sending UpdateMetadata request (Leader:0,ISR:0,LeaderEpoch:3,ControllerEpoch:4) to broker 0 for partition twitterstream-0 (state.change.logger)
[2016-01-18 12:06:18,075] TRACE Controller 0 epoch 5 started leader election for partition [twitterstream,0] (state.change.logger)
[2016-01-18 12:06:18,104] TRACE Controller 0 epoch 5 elected leader 0 for Offline partition [twitterstream,0] (state.change.logger)
[2016-01-18 12:06:18,106] TRACE Controller 0 epoch 5 changed partition [twitterstream,0] from OfflinePartition to OnlinePartition with leader 0 (state.change.logger)
[2016-01-18 12:06:18,106] TRACE Controller 0 epoch 5 sending become-leader LeaderAndIsr request (Leader:0,ISR:0,LeaderEpoch:4,ControllerEpoch:5) to broker 0 for partition [twitterstream,0] (state.change.logger)
[2016-01-18 12:06:18,107] TRACE Controller 0 epoch 5 sending UpdateMetadata request (Leader:0,ISR:0,LeaderEpoch:4,ControllerEpoch:5) to broker 0 for partition twitterstream-0 (state.change.logger)
[2016-01-18 12:06:18,117] TRACE Broker 0 cached leader info (LeaderAndIsrInfo:(Leader:0,ISR:0,LeaderEpoch:3,ControllerEpoch:4),ReplicationFactor:1),AllReplicas:0) for partition [twitterstream,0] in response to UpdateMetadata request sent by controller 0 epoch 5 with correlation id 0 (state.change.logger)
[2016-01-18 12:06:18,122] TRACE Controller 0 epoch 5 received response {error_code=0} for a request sent to broker Node(0, localhost, 9092) (state.change.logger)
[2016-01-18 12:06:18,178] TRACE Broker 0 received LeaderAndIsr request (LeaderAndIsrInfo:(Leader:0,ISR:0,LeaderEpoch:3,ControllerEpoch:4),ReplicationFactor:1),AllReplicas:0) correlation id 1 from controller 0 epoch 5 for partition [twitterstream,0] (state.change.logger)
[2016-01-18 12:06:18,182] TRACE Broker 0 handling LeaderAndIsr request correlationId 1 from controller 0 epoch 5 starting the become-leader transition for partition [twitterstream,0] (state.change.logger)
[2016-01-18 12:06:18,195] TRACE Broker 0 stopped fetchers as part of become-leader request from controller 0 epoch 5 with correlation id 1 for partition [twitterstream,0] (state.change.logger)
[2016-01-18 12:06:18,196] TRACE Broker 0 completed LeaderAndIsr request correlationId 1 from controller 0 epoch 5 for the become-leader transition for partition [twitterstream,0] (state.change.logger)
[2016-01-18 12:06:18,202] TRACE Controller 0 epoch 5 received response {error_code=0,partitions=[{topic=twitterstream,partition=0,error_code=0}]} for a request sent to broker Node(0, localhost, 9092) (state.change.logger)
[2016-01-18 12:06:18,204] TRACE Broker 0 cached leader info (LeaderAndIsrInfo:(Leader:0,ISR:0,LeaderEpoch:3,ControllerEpoch:4),ReplicationFactor:1),AllReplicas:0) for partition [twitterstream,0] in response to UpdateMetadata request sent by controller 0 epoch 5 with correlation id 2 (state.change.logger)
[2016-01-18 12:06:18,204] TRACE Controller 0 epoch 5 received response {error_code=0} for a request sent to broker Node(0, localhost, 9092) (state.change.logger)
[2016-01-18 12:06:18,205] TRACE Broker 0 received LeaderAndIsr request (LeaderAndIsrInfo:(Leader:0,ISR:0,LeaderEpoch:4,ControllerEpoch:5),ReplicationFactor:1),AllReplicas:0) correlation id 3 from controller 0 epoch 5 for partition [twitterstream,0] (state.change.logger)
[2016-01-18 12:06:18,206] TRACE Broker 0 handling LeaderAndIsr request correlationId 3 from controller 0 epoch 5 starting the become-leader transition for partition [twitterstream,0] (state.change.logger)
[2016-01-18 12:06:18,207] INFO Broker 0 skipped the become-leader state change after marking its partition as leader with correlation id 3 from controller 0 epoch 5 for partition [twitterstream,0] since it is already the leader for the partition. (state.change.logger)
[2016-01-18 12:06:18,207] TRACE Broker 0 completed LeaderAndIsr request correlationId 3 from controller 0 epoch 5 for the become-leader transition for partition [twitterstream,0] (state.change.logger)
[2016-01-18 12:06:18,208] TRACE Controller 0 epoch 5 received response {error_code=0,partitions=[{topic=twitterstream,partition=0,error_code=0}]} for a request sent to broker Node(0, localhost, 9092) (state.change.logger)
[2016-01-18 12:06:18,209] TRACE Broker 0 cached leader info (LeaderAndIsrInfo:(Leader:0,ISR:0,LeaderEpoch:4,ControllerEpoch:5),ReplicationFactor:1),AllReplicas:0) for partition [twitterstream,0] in response to UpdateMetadata request sent by controller 0 epoch 5 with correlation id 4 (state.change.logger)
[2016-01-18 12:06:18,209] TRACE Controller 0 epoch 5 received response {error_code=0} for a request sent to broker Node(0, localhost, 9092) (state.change.logger)
[2016-01-18 12:41:44,310] TRACE Controller 0 epoch 6 started leader election for partition [twitterstream,0] (state.change.logger)
[2016-01-18 12:41:44,325] ERROR Controller 0 epoch 6 initiated state change for partition [twitterstream,0] from OfflinePartition to OnlinePartition failed (state.change.logger)
kafka.common.NoReplicaOnlineException: No replica for partition [twitterstream,0] is alive. Live brokers are: [Set()], Assigned replicas are: [List(0)]
	at kafka.controller.OfflinePartitionLeaderSelector.selectLeader(PartitionLeaderSelector.scala:75)
	at kafka.controller.PartitionStateMachine.electLeaderForPartition(PartitionStateMachine.scala:345)
	at kafka.controller.PartitionStateMachine.kafka$controller$PartitionStateMachine$$handleStateChange(PartitionStateMachine.scala:205)
	at kafka.controller.PartitionStateMachine$$anonfun$triggerOnlinePartitionStateChange$3.apply(PartitionStateMachine.scala:120)
	at kafka.controller.PartitionStateMachine$$anonfun$triggerOnlinePartitionStateChange$3.apply(PartitionStateMachine.scala:117)
	at scala.collection.TraversableLike$WithFilter$$anonfun$foreach$1.apply(TraversableLike.scala:772)
	at scala.collection.mutable.HashMap$$anonfun$foreach$1.apply(HashMap.scala:98)
	at scala.collection.mutable.HashMap$$anonfun$foreach$1.apply(HashMap.scala:98)
	at scala.collection.mutable.HashTable$class.foreachEntry(HashTable.scala:226)
	at scala.collection.mutable.HashMap.foreachEntry(HashMap.scala:39)
	at scala.collection.mutable.HashMap.foreach(HashMap.scala:98)
	at scala.collection.TraversableLike$WithFilter.foreach(TraversableLike.scala:771)
	at kafka.controller.PartitionStateMachine.triggerOnlinePartitionStateChange(PartitionStateMachine.scala:117)
	at kafka.controller.PartitionStateMachine.startup(PartitionStateMachine.scala:70)
	at kafka.controller.KafkaController.onControllerFailover(KafkaController.scala:332)
	at kafka.controller.KafkaController$$anonfun$1.apply$mcV$sp(KafkaController.scala:163)
	at kafka.server.ZookeeperLeaderElector.elect(ZookeeperLeaderElector.scala:84)
	at kafka.controller.KafkaController$SessionExpirationListener$$anonfun$handleNewSession$1.apply$mcZ$sp(KafkaController.scala:1172)
	at kafka.controller.KafkaController$SessionExpirationListener$$anonfun$handleNewSession$1.apply(KafkaController.scala:1170)
	at kafka.controller.KafkaController$SessionExpirationListener$$anonfun$handleNewSession$1.apply(KafkaController.scala:1170)
	at kafka.utils.CoreUtils$.inLock(CoreUtils.scala:262)
	at kafka.controller.KafkaController$SessionExpirationListener.handleNewSession(KafkaController.scala:1170)
	at org.I0Itec.zkclient.ZkClient$6.run(ZkClient.java:734)
	at org.I0Itec.zkclient.ZkEventThread.run(ZkEventThread.java:71)
[2016-01-18 12:41:44,486] TRACE Controller 0 epoch 6 sending UpdateMetadata request (Leader:0,ISR:0,LeaderEpoch:4,ControllerEpoch:5) to broker 0 for partition twitterstream-0 (state.change.logger)
[2016-01-18 12:41:44,487] TRACE Controller 0 epoch 6 changed state of replica 0 for partition [twitterstream,0] from ReplicaDeletionIneligible to OnlineReplica (state.change.logger)
[2016-01-18 12:41:44,487] TRACE Controller 0 epoch 6 sending become-leader LeaderAndIsr request (Leader:0,ISR:0,LeaderEpoch:4,ControllerEpoch:5) to broker 0 for partition [twitterstream,0] (state.change.logger)
[2016-01-18 12:41:44,487] TRACE Controller 0 epoch 6 sending UpdateMetadata request (Leader:0,ISR:0,LeaderEpoch:4,ControllerEpoch:5) to broker 0 for partition twitterstream-0 (state.change.logger)
[2016-01-18 12:41:44,488] TRACE Controller 0 epoch 6 started leader election for partition [twitterstream,0] (state.change.logger)
[2016-01-18 12:41:44,490] TRACE Broker 0 cached leader info (LeaderAndIsrInfo:(Leader:0,ISR:0,LeaderEpoch:4,ControllerEpoch:5),ReplicationFactor:1),AllReplicas:0) for partition [twitterstream,0] in response to UpdateMetadata request sent by controller 0 epoch 6 with correlation id 0 (state.change.logger)
[2016-01-18 12:41:44,493] TRACE Controller 0 epoch 6 received response {error_code=0} for a request sent to broker Node(0, localhost, 9092) (state.change.logger)
[2016-01-18 12:41:44,494] TRACE Broker 0 received LeaderAndIsr request (LeaderAndIsrInfo:(Leader:0,ISR:0,LeaderEpoch:4,ControllerEpoch:5),ReplicationFactor:1),AllReplicas:0) correlation id 1 from controller 0 epoch 6 for partition [twitterstream,0] (state.change.logger)
[2016-01-18 12:41:44,495] WARN Broker 0 ignoring LeaderAndIsr request from controller 0 with correlation id 1 epoch 6 for partition [twitterstream,0] since its associated leader epoch 4 is old. Current leader epoch is 4 (state.change.logger)
[2016-01-18 12:41:44,496] TRACE Controller 0 epoch 6 received response {error_code=0,partitions=[{topic=twitterstream,partition=0,error_code=13}]} for a request sent to broker Node(0, localhost, 9092) (state.change.logger)
[2016-01-18 12:41:44,497] TRACE Broker 0 cached leader info (LeaderAndIsrInfo:(Leader:0,ISR:0,LeaderEpoch:4,ControllerEpoch:5),ReplicationFactor:1),AllReplicas:0) for partition [twitterstream,0] in response to UpdateMetadata request sent by controller 0 epoch 6 with correlation id 2 (state.change.logger)
[2016-01-18 12:41:44,498] TRACE Controller 0 epoch 6 received response {error_code=0} for a request sent to broker Node(0, localhost, 9092) (state.change.logger)
[2016-01-18 12:41:44,592] TRACE Controller 0 epoch 6 elected leader 0 for Offline partition [twitterstream,0] (state.change.logger)
[2016-01-18 12:41:44,593] TRACE Controller 0 epoch 6 changed partition [twitterstream,0] from OfflinePartition to OnlinePartition with leader 0 (state.change.logger)
[2016-01-18 12:41:44,593] TRACE Controller 0 epoch 6 sending become-leader LeaderAndIsr request (Leader:0,ISR:0,LeaderEpoch:5,ControllerEpoch:6) to broker 0 for partition [twitterstream,0] (state.change.logger)
[2016-01-18 12:41:44,593] TRACE Controller 0 epoch 6 sending UpdateMetadata request (Leader:0,ISR:0,LeaderEpoch:5,ControllerEpoch:6) to broker 0 for partition twitterstream-0 (state.change.logger)
[2016-01-18 12:41:44,593] TRACE Broker 0 received LeaderAndIsr request (LeaderAndIsrInfo:(Leader:0,ISR:0,LeaderEpoch:5,ControllerEpoch:6),ReplicationFactor:1),AllReplicas:0) correlation id 3 from controller 0 epoch 6 for partition [twitterstream,0] (state.change.logger)
[2016-01-18 12:41:44,594] TRACE Broker 0 handling LeaderAndIsr request correlationId 3 from controller 0 epoch 6 starting the become-leader transition for partition [twitterstream,0] (state.change.logger)
[2016-01-18 12:41:44,594] INFO Broker 0 skipped the become-leader state change after marking its partition as leader with correlation id 3 from controller 0 epoch 6 for partition [twitterstream,0] since it is already the leader for the partition. (state.change.logger)
[2016-01-18 12:41:44,594] TRACE Broker 0 completed LeaderAndIsr request correlationId 3 from controller 0 epoch 6 for the become-leader transition for partition [twitterstream,0] (state.change.logger)
[2016-01-18 12:41:44,595] TRACE Controller 0 epoch 6 received response {error_code=0,partitions=[{topic=twitterstream,partition=0,error_code=0}]} for a request sent to broker Node(0, localhost, 9092) (state.change.logger)
[2016-01-18 12:41:44,595] TRACE Broker 0 cached leader info (LeaderAndIsrInfo:(Leader:0,ISR:0,LeaderEpoch:5,ControllerEpoch:6),ReplicationFactor:1),AllReplicas:0) for partition [twitterstream,0] in response to UpdateMetadata request sent by controller 0 epoch 6 with correlation id 4 (state.change.logger)
[2016-01-18 12:41:44,596] TRACE Controller 0 epoch 6 received response {error_code=0} for a request sent to broker Node(0, localhost, 9092) (state.change.logger)
[2016-01-18 12:51:30,225] DEBUG preRegister called. Server=com.sun.jmx.mbeanserver.JmxMBeanServer@3383e109, name=log4j:logger=state.change.logger (state.change.logger)
[2016-01-18 12:51:37,333] TRACE Controller 0 epoch 7 started leader election for partition [twitterstream,0] (state.change.logger)
[2016-01-18 12:51:37,364] ERROR Controller 0 epoch 7 initiated state change for partition [twitterstream,0] from OfflinePartition to OnlinePartition failed (state.change.logger)
kafka.common.NoReplicaOnlineException: No replica for partition [twitterstream,0] is alive. Live brokers are: [Set()], Assigned replicas are: [List(0)]
	at kafka.controller.OfflinePartitionLeaderSelector.selectLeader(PartitionLeaderSelector.scala:75)
	at kafka.controller.PartitionStateMachine.electLeaderForPartition(PartitionStateMachine.scala:345)
	at kafka.controller.PartitionStateMachine.kafka$controller$PartitionStateMachine$$handleStateChange(PartitionStateMachine.scala:205)
	at kafka.controller.PartitionStateMachine$$anonfun$triggerOnlinePartitionStateChange$3.apply(PartitionStateMachine.scala:120)
	at kafka.controller.PartitionStateMachine$$anonfun$triggerOnlinePartitionStateChange$3.apply(PartitionStateMachine.scala:117)
	at scala.collection.TraversableLike$WithFilter$$anonfun$foreach$1.apply(TraversableLike.scala:772)
	at scala.collection.mutable.HashMap$$anonfun$foreach$1.apply(HashMap.scala:98)
	at scala.collection.mutable.HashMap$$anonfun$foreach$1.apply(HashMap.scala:98)
	at scala.collection.mutable.HashTable$class.foreachEntry(HashTable.scala:226)
	at scala.collection.mutable.HashMap.foreachEntry(HashMap.scala:39)
	at scala.collection.mutable.HashMap.foreach(HashMap.scala:98)
	at scala.collection.TraversableLike$WithFilter.foreach(TraversableLike.scala:771)
	at kafka.controller.PartitionStateMachine.triggerOnlinePartitionStateChange(PartitionStateMachine.scala:117)
	at kafka.controller.PartitionStateMachine.startup(PartitionStateMachine.scala:70)
	at kafka.controller.KafkaController.onControllerFailover(KafkaController.scala:332)
	at kafka.controller.KafkaController$$anonfun$1.apply$mcV$sp(KafkaController.scala:163)
	at kafka.server.ZookeeperLeaderElector.elect(ZookeeperLeaderElector.scala:84)
	at kafka.server.ZookeeperLeaderElector$$anonfun$startup$1.apply$mcZ$sp(ZookeeperLeaderElector.scala:50)
	at kafka.server.ZookeeperLeaderElector$$anonfun$startup$1.apply(ZookeeperLeaderElector.scala:48)
	at kafka.server.ZookeeperLeaderElector$$anonfun$startup$1.apply(ZookeeperLeaderElector.scala:48)
	at kafka.utils.CoreUtils$.inLock(CoreUtils.scala:262)
	at kafka.server.ZookeeperLeaderElector.startup(ZookeeperLeaderElector.scala:48)
	at kafka.controller.KafkaController$$anonfun$startup$1.apply$mcV$sp(KafkaController.scala:681)
	at kafka.controller.KafkaController$$anonfun$startup$1.apply(KafkaController.scala:677)
	at kafka.controller.KafkaController$$anonfun$startup$1.apply(KafkaController.scala:677)
	at kafka.utils.CoreUtils$.inLock(CoreUtils.scala:262)
	at kafka.controller.KafkaController.startup(KafkaController.scala:677)
	at kafka.server.KafkaServer.startup(KafkaServer.scala:188)
	at kafka.server.KafkaServerStartable.startup(KafkaServerStartable.scala:37)
	at kafka.Kafka$.main(Kafka.scala:67)
	at kafka.Kafka.main(Kafka.scala)
[2016-01-18 12:51:37,531] TRACE Controller 0 epoch 7 sending UpdateMetadata request (Leader:0,ISR:0,LeaderEpoch:5,ControllerEpoch:6) to broker 0 for partition twitterstream-0 (state.change.logger)
[2016-01-18 12:51:37,551] TRACE Controller 0 epoch 7 changed state of replica 0 for partition [twitterstream,0] from ReplicaDeletionIneligible to OnlineReplica (state.change.logger)
[2016-01-18 12:51:37,552] TRACE Controller 0 epoch 7 sending become-leader LeaderAndIsr request (Leader:0,ISR:0,LeaderEpoch:5,ControllerEpoch:6) to broker 0 for partition [twitterstream,0] (state.change.logger)
[2016-01-18 12:51:37,556] TRACE Controller 0 epoch 7 sending UpdateMetadata request (Leader:0,ISR:0,LeaderEpoch:5,ControllerEpoch:6) to broker 0 for partition twitterstream-0 (state.change.logger)
[2016-01-18 12:51:37,556] TRACE Controller 0 epoch 7 started leader election for partition [twitterstream,0] (state.change.logger)
[2016-01-18 12:51:37,582] TRACE Controller 0 epoch 7 elected leader 0 for Offline partition [twitterstream,0] (state.change.logger)
[2016-01-18 12:51:37,584] TRACE Controller 0 epoch 7 changed partition [twitterstream,0] from OfflinePartition to OnlinePartition with leader 0 (state.change.logger)
[2016-01-18 12:51:37,584] TRACE Controller 0 epoch 7 sending become-leader LeaderAndIsr request (Leader:0,ISR:0,LeaderEpoch:6,ControllerEpoch:7) to broker 0 for partition [twitterstream,0] (state.change.logger)
[2016-01-18 12:51:37,584] TRACE Controller 0 epoch 7 sending UpdateMetadata request (Leader:0,ISR:0,LeaderEpoch:6,ControllerEpoch:7) to broker 0 for partition twitterstream-0 (state.change.logger)
[2016-01-18 12:51:37,600] TRACE Broker 0 cached leader info (LeaderAndIsrInfo:(Leader:0,ISR:0,LeaderEpoch:5,ControllerEpoch:6),ReplicationFactor:1),AllReplicas:0) for partition [twitterstream,0] in response to UpdateMetadata request sent by controller 0 epoch 7 with correlation id 0 (state.change.logger)
[2016-01-18 12:51:37,605] TRACE Controller 0 epoch 7 received response {error_code=0} for a request sent to broker Node(0, localhost, 9092) (state.change.logger)
[2016-01-18 12:51:37,669] TRACE Broker 0 received LeaderAndIsr request (LeaderAndIsrInfo:(Leader:0,ISR:0,LeaderEpoch:5,ControllerEpoch:6),ReplicationFactor:1),AllReplicas:0) correlation id 1 from controller 0 epoch 7 for partition [twitterstream,0] (state.change.logger)
[2016-01-18 12:51:37,676] TRACE Broker 0 handling LeaderAndIsr request correlationId 1 from controller 0 epoch 7 starting the become-leader transition for partition [twitterstream,0] (state.change.logger)
[2016-01-18 12:51:37,695] TRACE Broker 0 stopped fetchers as part of become-leader request from controller 0 epoch 7 with correlation id 1 for partition [twitterstream,0] (state.change.logger)
[2016-01-18 12:51:37,696] TRACE Broker 0 completed LeaderAndIsr request correlationId 1 from controller 0 epoch 7 for the become-leader transition for partition [twitterstream,0] (state.change.logger)
[2016-01-18 12:51:37,701] TRACE Controller 0 epoch 7 received response {error_code=0,partitions=[{topic=twitterstream,partition=0,error_code=0}]} for a request sent to broker Node(0, localhost, 9092) (state.change.logger)
[2016-01-18 12:51:37,702] TRACE Broker 0 cached leader info (LeaderAndIsrInfo:(Leader:0,ISR:0,LeaderEpoch:5,ControllerEpoch:6),ReplicationFactor:1),AllReplicas:0) for partition [twitterstream,0] in response to UpdateMetadata request sent by controller 0 epoch 7 with correlation id 2 (state.change.logger)
[2016-01-18 12:51:37,703] TRACE Controller 0 epoch 7 received response {error_code=0} for a request sent to broker Node(0, localhost, 9092) (state.change.logger)
[2016-01-18 12:51:37,704] TRACE Broker 0 received LeaderAndIsr request (LeaderAndIsrInfo:(Leader:0,ISR:0,LeaderEpoch:6,ControllerEpoch:7),ReplicationFactor:1),AllReplicas:0) correlation id 3 from controller 0 epoch 7 for partition [twitterstream,0] (state.change.logger)
[2016-01-18 12:51:37,704] TRACE Broker 0 handling LeaderAndIsr request correlationId 3 from controller 0 epoch 7 starting the become-leader transition for partition [twitterstream,0] (state.change.logger)
[2016-01-18 12:51:37,705] INFO Broker 0 skipped the become-leader state change after marking its partition as leader with correlation id 3 from controller 0 epoch 7 for partition [twitterstream,0] since it is already the leader for the partition. (state.change.logger)
[2016-01-18 12:51:37,705] TRACE Broker 0 completed LeaderAndIsr request correlationId 3 from controller 0 epoch 7 for the become-leader transition for partition [twitterstream,0] (state.change.logger)
[2016-01-18 12:51:37,708] TRACE Controller 0 epoch 7 received response {error_code=0,partitions=[{topic=twitterstream,partition=0,error_code=0}]} for a request sent to broker Node(0, localhost, 9092) (state.change.logger)
[2016-01-18 12:51:37,711] TRACE Broker 0 cached leader info (LeaderAndIsrInfo:(Leader:0,ISR:0,LeaderEpoch:6,ControllerEpoch:7),ReplicationFactor:1),AllReplicas:0) for partition [twitterstream,0] in response to UpdateMetadata request sent by controller 0 epoch 7 with correlation id 4 (state.change.logger)
[2016-01-18 12:51:37,713] TRACE Controller 0 epoch 7 received response {error_code=0} for a request sent to broker Node(0, localhost, 9092) (state.change.logger)
[2016-01-18 12:58:08,449] DEBUG preRegister called. Server=com.sun.jmx.mbeanserver.JmxMBeanServer@172b304b, name=log4j:logger=state.change.logger (state.change.logger)
[2016-01-18 12:58:12,749] TRACE Controller 0 epoch 8 started leader election for partition [twitterstream,0] (state.change.logger)
[2016-01-18 12:58:12,781] ERROR Controller 0 epoch 8 initiated state change for partition [twitterstream,0] from OfflinePartition to OnlinePartition failed (state.change.logger)
kafka.common.NoReplicaOnlineException: No replica for partition [twitterstream,0] is alive. Live brokers are: [Set()], Assigned replicas are: [List(0)]
	at kafka.controller.OfflinePartitionLeaderSelector.selectLeader(PartitionLeaderSelector.scala:75)
	at kafka.controller.PartitionStateMachine.electLeaderForPartition(PartitionStateMachine.scala:345)
	at kafka.controller.PartitionStateMachine.kafka$controller$PartitionStateMachine$$handleStateChange(PartitionStateMachine.scala:205)
	at kafka.controller.PartitionStateMachine$$anonfun$triggerOnlinePartitionStateChange$3.apply(PartitionStateMachine.scala:120)
	at kafka.controller.PartitionStateMachine$$anonfun$triggerOnlinePartitionStateChange$3.apply(PartitionStateMachine.scala:117)
	at scala.collection.TraversableLike$WithFilter$$anonfun$foreach$1.apply(TraversableLike.scala:772)
	at scala.collection.mutable.HashMap$$anonfun$foreach$1.apply(HashMap.scala:98)
	at scala.collection.mutable.HashMap$$anonfun$foreach$1.apply(HashMap.scala:98)
	at scala.collection.mutable.HashTable$class.foreachEntry(HashTable.scala:226)
	at scala.collection.mutable.HashMap.foreachEntry(HashMap.scala:39)
	at scala.collection.mutable.HashMap.foreach(HashMap.scala:98)
	at scala.collection.TraversableLike$WithFilter.foreach(TraversableLike.scala:771)
	at kafka.controller.PartitionStateMachine.triggerOnlinePartitionStateChange(PartitionStateMachine.scala:117)
	at kafka.controller.PartitionStateMachine.startup(PartitionStateMachine.scala:70)
	at kafka.controller.KafkaController.onControllerFailover(KafkaController.scala:332)
	at kafka.controller.KafkaController$$anonfun$1.apply$mcV$sp(KafkaController.scala:163)
	at kafka.server.ZookeeperLeaderElector.elect(ZookeeperLeaderElector.scala:84)
	at kafka.server.ZookeeperLeaderElector$$anonfun$startup$1.apply$mcZ$sp(ZookeeperLeaderElector.scala:50)
	at kafka.server.ZookeeperLeaderElector$$anonfun$startup$1.apply(ZookeeperLeaderElector.scala:48)
	at kafka.server.ZookeeperLeaderElector$$anonfun$startup$1.apply(ZookeeperLeaderElector.scala:48)
	at kafka.utils.CoreUtils$.inLock(CoreUtils.scala:262)
	at kafka.server.ZookeeperLeaderElector.startup(ZookeeperLeaderElector.scala:48)
	at kafka.controller.KafkaController$$anonfun$startup$1.apply$mcV$sp(KafkaController.scala:681)
	at kafka.controller.KafkaController$$anonfun$startup$1.apply(KafkaController.scala:677)
	at kafka.controller.KafkaController$$anonfun$startup$1.apply(KafkaController.scala:677)
	at kafka.utils.CoreUtils$.inLock(CoreUtils.scala:262)
	at kafka.controller.KafkaController.startup(KafkaController.scala:677)
	at kafka.server.KafkaServer.startup(KafkaServer.scala:188)
	at kafka.server.KafkaServerStartable.startup(KafkaServerStartable.scala:37)
	at kafka.Kafka$.main(Kafka.scala:67)
	at kafka.Kafka.main(Kafka.scala)
[2016-01-18 12:58:12,954] TRACE Controller 0 epoch 8 sending UpdateMetadata request (Leader:0,ISR:0,LeaderEpoch:6,ControllerEpoch:7) to broker 0 for partition twitterstream-0 (state.change.logger)
[2016-01-18 12:58:12,976] TRACE Controller 0 epoch 8 changed state of replica 0 for partition [twitterstream,0] from ReplicaDeletionIneligible to OnlineReplica (state.change.logger)
[2016-01-18 12:58:12,977] TRACE Controller 0 epoch 8 sending become-leader LeaderAndIsr request (Leader:0,ISR:0,LeaderEpoch:6,ControllerEpoch:7) to broker 0 for partition [twitterstream,0] (state.change.logger)
[2016-01-18 12:58:12,981] TRACE Controller 0 epoch 8 sending UpdateMetadata request (Leader:0,ISR:0,LeaderEpoch:6,ControllerEpoch:7) to broker 0 for partition twitterstream-0 (state.change.logger)
[2016-01-18 12:58:12,982] TRACE Controller 0 epoch 8 started leader election for partition [twitterstream,0] (state.change.logger)
[2016-01-18 12:58:13,008] TRACE Controller 0 epoch 8 elected leader 0 for Offline partition [twitterstream,0] (state.change.logger)
[2016-01-18 12:58:13,010] TRACE Controller 0 epoch 8 changed partition [twitterstream,0] from OfflinePartition to OnlinePartition with leader 0 (state.change.logger)
[2016-01-18 12:58:13,010] TRACE Controller 0 epoch 8 sending become-leader LeaderAndIsr request (Leader:0,ISR:0,LeaderEpoch:7,ControllerEpoch:8) to broker 0 for partition [twitterstream,0] (state.change.logger)
[2016-01-18 12:58:13,011] TRACE Controller 0 epoch 8 sending UpdateMetadata request (Leader:0,ISR:0,LeaderEpoch:7,ControllerEpoch:8) to broker 0 for partition twitterstream-0 (state.change.logger)
[2016-01-18 12:58:13,024] TRACE Broker 0 cached leader info (LeaderAndIsrInfo:(Leader:0,ISR:0,LeaderEpoch:6,ControllerEpoch:7),ReplicationFactor:1),AllReplicas:0) for partition [twitterstream,0] in response to UpdateMetadata request sent by controller 0 epoch 8 with correlation id 0 (state.change.logger)
[2016-01-18 12:58:13,038] TRACE Controller 0 epoch 8 received response {error_code=0} for a request sent to broker Node(0, localhost, 9092) (state.change.logger)
[2016-01-18 12:58:13,104] TRACE Broker 0 received LeaderAndIsr request (LeaderAndIsrInfo:(Leader:0,ISR:0,LeaderEpoch:6,ControllerEpoch:7),ReplicationFactor:1),AllReplicas:0) correlation id 1 from controller 0 epoch 8 for partition [twitterstream,0] (state.change.logger)
[2016-01-18 12:58:13,110] TRACE Broker 0 handling LeaderAndIsr request correlationId 1 from controller 0 epoch 8 starting the become-leader transition for partition [twitterstream,0] (state.change.logger)
[2016-01-18 12:58:13,126] TRACE Broker 0 stopped fetchers as part of become-leader request from controller 0 epoch 8 with correlation id 1 for partition [twitterstream,0] (state.change.logger)
[2016-01-18 12:58:13,127] TRACE Broker 0 completed LeaderAndIsr request correlationId 1 from controller 0 epoch 8 for the become-leader transition for partition [twitterstream,0] (state.change.logger)
[2016-01-18 12:58:13,132] TRACE Controller 0 epoch 8 received response {error_code=0,partitions=[{topic=twitterstream,partition=0,error_code=0}]} for a request sent to broker Node(0, localhost, 9092) (state.change.logger)
[2016-01-18 12:58:13,133] TRACE Broker 0 cached leader info (LeaderAndIsrInfo:(Leader:0,ISR:0,LeaderEpoch:6,ControllerEpoch:7),ReplicationFactor:1),AllReplicas:0) for partition [twitterstream,0] in response to UpdateMetadata request sent by controller 0 epoch 8 with correlation id 2 (state.change.logger)
[2016-01-18 12:58:13,134] TRACE Controller 0 epoch 8 received response {error_code=0} for a request sent to broker Node(0, localhost, 9092) (state.change.logger)
[2016-01-18 12:58:13,135] TRACE Broker 0 received LeaderAndIsr request (LeaderAndIsrInfo:(Leader:0,ISR:0,LeaderEpoch:7,ControllerEpoch:8),ReplicationFactor:1),AllReplicas:0) correlation id 3 from controller 0 epoch 8 for partition [twitterstream,0] (state.change.logger)
[2016-01-18 12:58:13,135] TRACE Broker 0 handling LeaderAndIsr request correlationId 3 from controller 0 epoch 8 starting the become-leader transition for partition [twitterstream,0] (state.change.logger)
[2016-01-18 12:58:13,137] INFO Broker 0 skipped the become-leader state change after marking its partition as leader with correlation id 3 from controller 0 epoch 8 for partition [twitterstream,0] since it is already the leader for the partition. (state.change.logger)
[2016-01-18 12:58:13,137] TRACE Broker 0 completed LeaderAndIsr request correlationId 3 from controller 0 epoch 8 for the become-leader transition for partition [twitterstream,0] (state.change.logger)
[2016-01-18 12:58:13,138] TRACE Controller 0 epoch 8 received response {error_code=0,partitions=[{topic=twitterstream,partition=0,error_code=0}]} for a request sent to broker Node(0, localhost, 9092) (state.change.logger)
[2016-01-18 12:58:13,139] TRACE Broker 0 cached leader info (LeaderAndIsrInfo:(Leader:0,ISR:0,LeaderEpoch:7,ControllerEpoch:8),ReplicationFactor:1),AllReplicas:0) for partition [twitterstream,0] in response to UpdateMetadata request sent by controller 0 epoch 8 with correlation id 4 (state.change.logger)
[2016-01-18 12:58:13,140] TRACE Controller 0 epoch 8 received response {error_code=0} for a request sent to broker Node(0, localhost, 9092) (state.change.logger)
